00:00:00.006 [scheduling-1] INFO  com.bamboo.leaf.server.service.impl.TokenServiceImpl - bamboo-leaf token init begin
00:00:00.051 [scheduling-1] WARN  com.alibaba.druid.pool.DruidAbstractDataSource - discard long time none received connection. , jdbcUrl : jdbc:mysql://www.zhuzhi.vip:3306/bamboo-leaf?autoReconnect=true&useUnicode=true&characterEncoding=UTF-8&useSSL=false, version : 1.2.3, lastPacketReceivedIdleMillis : 60032
00:00:02.285 [scheduling-1] INFO  com.bamboo.leaf.server.service.impl.TokenServiceImpl - bamboo-leaf token init success, token size:9
00:00:30.525 [main] INFO  com.bamboo.leaf.server.BambooLeafServer - Starting BambooLeafServer using Java 1.8.0_221 on lichunmingdeMacBook-Pro.local with PID 90910 (/Users/lichunming/code/bamboo/bamboo-leaf/bamboo-leaf-server/target/classes started by lichunming in /Users/lichunming/code/bamboo/bamboo-leaf)
00:00:30.535 [main] INFO  com.bamboo.leaf.server.BambooLeafServer - The following profiles are active: dev
00:00:31.955 [main] INFO  org.apache.coyote.http11.Http11NioProtocol - Initializing ProtocolHandler ["http-nio-8082"]
00:00:31.955 [main] INFO  org.apache.catalina.core.StandardService - Starting service [Tomcat]
00:00:31.958 [main] INFO  org.apache.catalina.core.StandardEngine - Starting Servlet engine: [Apache Tomcat/9.0.39]
00:00:32.085 [main] INFO  org.apache.catalina.core.ContainerBase.[Tomcat].[localhost].[/bamboo-leaf] - Initializing Spring embedded WebApplicationContext
00:00:33.195 [main] INFO  com.alibaba.druid.pool.DruidDataSource - {dataSource-1} inited
00:00:33.246 [main] INFO  com.bamboo.leaf.server.service.impl.TokenServiceImpl - bamboo-leaf token init begin
00:00:33.421 [main] INFO  com.bamboo.leaf.server.service.impl.TokenServiceImpl - bamboo-leaf token init success, token size:9
00:00:33.774 [main] INFO  org.apache.coyote.http11.Http11NioProtocol - Starting ProtocolHandler ["http-nio-8082"]
00:00:33.822 [main] INFO  com.bamboo.leaf.server.BambooLeafServer - Started BambooLeafServer in 4.013 seconds (JVM running for 5.285)
00:00:33.853 [main] INFO  com.bamboo.leaf.server.BambooLeafServer - Starting BambooLeafServer using Java 1.8.0_221 on lichunmingdeMacBook-Pro.local with PID 90922 (/Users/lichunming/code/bamboo/bamboo-leaf/bamboo-leaf-server/target/classes started by lichunming in /Users/lichunming/code/bamboo/bamboo-leaf)
00:00:33.910 [main] INFO  com.bamboo.leaf.server.BambooLeafServer - The following profiles are active: dev
00:00:34.747 [main] INFO  org.apache.coyote.http11.Http11NioProtocol - Initializing ProtocolHandler ["http-nio-8082"]
00:00:34.748 [main] INFO  org.apache.catalina.core.StandardService - Starting service [Tomcat]
00:00:34.748 [main] INFO  org.apache.catalina.core.StandardEngine - Starting Servlet engine: [Apache Tomcat/9.0.39]
00:00:34.794 [main] INFO  org.apache.catalina.core.ContainerBase.[Tomcat].[localhost].[/bamboo-leaf] - Initializing Spring embedded WebApplicationContext
00:00:35.663 [main] INFO  com.alibaba.druid.pool.DruidDataSource - {dataSource-1} inited
00:00:35.705 [main] INFO  com.bamboo.leaf.server.service.impl.TokenServiceImpl - bamboo-leaf token init begin
00:00:35.831 [main] INFO  com.bamboo.leaf.server.service.impl.TokenServiceImpl - bamboo-leaf token init success, token size:9
00:00:36.081 [main] INFO  org.apache.coyote.http11.Http11NioProtocol - Starting ProtocolHandler ["http-nio-8082"]
00:00:36.103 [main] INFO  com.alibaba.druid.pool.DruidDataSource - {dataSource-1} closing ...
00:00:36.107 [main] INFO  com.alibaba.druid.pool.DruidDataSource - {dataSource-1} closed
00:00:36.110 [main] INFO  org.apache.coyote.http11.Http11NioProtocol - Pausing ProtocolHandler ["http-nio-8082"]
00:00:36.110 [main] INFO  org.apache.catalina.core.StandardService - Stopping service [Tomcat]
00:00:36.113 [main] INFO  org.apache.coyote.http11.Http11NioProtocol - Stopping ProtocolHandler ["http-nio-8082"]
00:00:36.113 [main] INFO  org.apache.coyote.http11.Http11NioProtocol - Destroying ProtocolHandler ["http-nio-8082"]
